--------------------------------------------------------------------------------
Release 14.7 Trace  (nt64)
Copyright (c) 1995-2013 Xilinx, Inc.  All rights reserved.

C:\Xilinx\14.7\ISE_DS\ISE\bin\nt64\unwrapped\trce.exe -intstyle ise -o
mojo_top_0.twr -v 30 -l 30 mojo_top_0_routed.ncd mojo_top_0.pcf

Design file:              mojo_top_0_routed.ncd
Physical constraint file: mojo_top_0.pcf
Device,package,speed:     xc6slx9,tqg144,C,-2 (PRODUCTION 1.23 2013-10-13)
Report level:             verbose report, limited to 30 items per constraint

Environment Variable      Effect 
--------------------      ------ 
NONE                      No environment variables were set
--------------------------------------------------------------------------------

INFO:Timing:3412 - To improve timing, see the Timing Closure User Guide (UG612).
INFO:Timing:2752 - To get complete path coverage, use the unconstrained paths 
   option. All paths that are not constrained will be reported in the 
   unconstrained paths section(s) of the report.
INFO:Timing:3339 - The clock-to-out numbers in this timing report are based on 
   a 50 Ohm transmission line loading model.  For the details of this model, 
   and for more information on accounting for different loading conditions, 
   please see the device datasheet.

================================================================================
Timing constraint: TS_clk = PERIOD TIMEGRP "clk" 50 MHz HIGH 50%;
For more information, see Period Analysis in the Timing Closure User Guide (UG612).

 2899 paths analyzed, 457 endpoints analyzed, 0 failing endpoints
 0 timing errors detected. (0 setup errors, 0 hold errors, 0 component switching limit errors)
 Minimum period is   4.496ns.
--------------------------------------------------------------------------------
Slack:                  15.504ns (requirement - (data path - clock path skew + uncertainty))
  Source:               myBishiBashi/bibashi/button_cond_bash/sync/M_pipe_q_1 (FF)
  Destination:          myBishiBashi/bibashi/button_cond_bash/M_ctr_q_19 (FF)
  Requirement:          20.000ns
  Data Path Delay:      4.429ns (Levels of Logic = 1)
  Clock Path Skew:      -0.032ns (0.681 - 0.713)
  Source Clock:         clk_BUFGP rising at 0.000ns
  Destination Clock:    clk_BUFGP rising at 20.000ns
  Clock Uncertainty:    0.035ns

  Clock Uncertainty:          0.035ns  ((TSJ^2 + TIJ^2)^1/2 + DJ) / 2 + PE
    Total System Jitter (TSJ):  0.070ns
    Total Input Jitter (TIJ):   0.000ns
    Discrete Jitter (DJ):       0.000ns
    Phase Error (PE):           0.000ns

  Maximum Data Path at Slow Process Corner: myBishiBashi/bibashi/button_cond_bash/sync/M_pipe_q_1 to myBishiBashi/bibashi/button_cond_bash/M_ctr_q_19
    Location             Delay type         Delay(ns)  Physical Resource
                                                       Logical Resource(s)
    -------------------------------------------------  -------------------
    SLICE_X16Y27.BQ      Tcko                  0.525   myBishiBashi/bibashi/M_pipe_q_1_0
                                                       myBishiBashi/bibashi/button_cond_bash/sync/M_pipe_q_1
    SLICE_X17Y31.D3      net (fanout=2)        1.087   myBishiBashi/bibashi/M_pipe_q_1
    SLICE_X17Y31.D       Tilo                  0.259   myBishiBashi/bibashi/M_sync_bash_out_inv
                                                       myBishiBashi/bibashi/M_sync_bash_out_inv1_INV_0
    SLICE_X20Y40.SR      net (fanout=6)        2.088   myBishiBashi/bibashi/M_sync_bash_out_inv
    SLICE_X20Y40.CLK     Tsrck                 0.470   myBishiBashi/bibashi/button_cond_bash/M_ctr_q[19]
                                                       myBishiBashi/bibashi/button_cond_bash/M_ctr_q_19
    -------------------------------------------------  ---------------------------
    Total                                      4.429ns (1.254ns logic, 3.175ns route)
                                                       (28.3% logic, 71.7% route)

--------------------------------------------------------------------------------
Slack:                  15.513ns (requirement - (data path - clock path skew + uncertainty))
  Source:               myBishiBashi/bibashi/button_cond_bash/sync/M_pipe_q_1 (FF)
  Destination:          myBishiBashi/bibashi/button_cond_bash/M_ctr_q_18 (FF)
  Requirement:          20.000ns
  Data Path Delay:      4.420ns (Levels of Logic = 1)
  Clock Path Skew:      -0.032ns (0.681 - 0.713)
  Source Clock:         clk_BUFGP rising at 0.000ns
  Destination Clock:    clk_BUFGP rising at 20.000ns
  Clock Uncertainty:    0.035ns

  Clock Uncertainty:          0.035ns  ((TSJ^2 + TIJ^2)^1/2 + DJ) / 2 + PE
    Total System Jitter (TSJ):  0.070ns
    Total Input Jitter (TIJ):   0.000ns
    Discrete Jitter (DJ):       0.000ns
    Phase Error (PE):           0.000ns

  Maximum Data Path at Slow Process Corner: myBishiBashi/bibashi/button_cond_bash/sync/M_pipe_q_1 to myBishiBashi/bibashi/button_cond_bash/M_ctr_q_18
    Location             Delay type         Delay(ns)  Physical Resource
                                                       Logical Resource(s)
    -------------------------------------------------  -------------------
    SLICE_X16Y27.BQ      Tcko                  0.525   myBishiBashi/bibashi/M_pipe_q_1_0
                                                       myBishiBashi/bibashi/button_cond_bash/sync/M_pipe_q_1
    SLICE_X17Y31.D3      net (fanout=2)        1.087   myBishiBashi/bibashi/M_pipe_q_1
    SLICE_X17Y31.D       Tilo                  0.259   myBishiBashi/bibashi/M_sync_bash_out_inv
                                                       myBishiBashi/bibashi/M_sync_bash_out_inv1_INV_0
    SLICE_X20Y40.SR      net (fanout=6)        2.088   myBishiBashi/bibashi/M_sync_bash_out_inv
    SLICE_X20Y40.CLK     Tsrck                 0.461   myBishiBashi/bibashi/button_cond_bash/M_ctr_q[19]
                                                       myBishiBashi/bibashi/button_cond_bash/M_ctr_q_18
    -------------------------------------------------  ---------------------------
    Total                                      4.420ns (1.245ns logic, 3.175ns route)
                                                       (28.2% logic, 71.8% route)

--------------------------------------------------------------------------------
Slack:                  15.524ns (requirement - (data path - clock path skew + uncertainty))
  Source:               myBishiBashi/bibashi/button_cond_bash/sync/M_pipe_q_1 (FF)
  Destination:          myBishiBashi/bibashi/button_cond_bash/M_ctr_q_17 (FF)
  Requirement:          20.000ns
  Data Path Delay:      4.409ns (Levels of Logic = 1)
  Clock Path Skew:      -0.032ns (0.681 - 0.713)
  Source Clock:         clk_BUFGP rising at 0.000ns
  Destination Clock:    clk_BUFGP rising at 20.000ns
  Clock Uncertainty:    0.035ns

  Clock Uncertainty:          0.035ns  ((TSJ^2 + TIJ^2)^1/2 + DJ) / 2 + PE
    Total System Jitter (TSJ):  0.070ns
    Total Input Jitter (TIJ):   0.000ns
    Discrete Jitter (DJ):       0.000ns
    Phase Error (PE):           0.000ns

  Maximum Data Path at Slow Process Corner: myBishiBashi/bibashi/button_cond_bash/sync/M_pipe_q_1 to myBishiBashi/bibashi/button_cond_bash/M_ctr_q_17
    Location             Delay type         Delay(ns)  Physical Resource
                                                       Logical Resource(s)
    -------------------------------------------------  -------------------
    SLICE_X16Y27.BQ      Tcko                  0.525   myBishiBashi/bibashi/M_pipe_q_1_0
                                                       myBishiBashi/bibashi/button_cond_bash/sync/M_pipe_q_1
    SLICE_X17Y31.D3      net (fanout=2)        1.087   myBishiBashi/bibashi/M_pipe_q_1
    SLICE_X17Y31.D       Tilo                  0.259   myBishiBashi/bibashi/M_sync_bash_out_inv
                                                       myBishiBashi/bibashi/M_sync_bash_out_inv1_INV_0
    SLICE_X20Y40.SR      net (fanout=6)        2.088   myBishiBashi/bibashi/M_sync_bash_out_inv
    SLICE_X20Y40.CLK     Tsrck                 0.450   myBishiBashi/bibashi/button_cond_bash/M_ctr_q[19]
                                                       myBishiBashi/bibashi/button_cond_bash/M_ctr_q_17
    -------------------------------------------------  ---------------------------
    Total                                      4.409ns (1.234ns logic, 3.175ns route)
                                                       (28.0% logic, 72.0% route)

--------------------------------------------------------------------------------
Slack:                  15.546ns (requirement - (data path - clock path skew + uncertainty))
  Source:               myBishiBashi/bibashi/button_cond_bash/sync/M_pipe_q_1 (FF)
  Destination:          myBishiBashi/bibashi/button_cond_bash/M_ctr_q_16 (FF)
  Requirement:          20.000ns
  Data Path Delay:      4.387ns (Levels of Logic = 1)
  Clock Path Skew:      -0.032ns (0.681 - 0.713)
  Source Clock:         clk_BUFGP rising at 0.000ns
  Destination Clock:    clk_BUFGP rising at 20.000ns
  Clock Uncertainty:    0.035ns

  Clock Uncertainty:          0.035ns  ((TSJ^2 + TIJ^2)^1/2 + DJ) / 2 + PE
    Total System Jitter (TSJ):  0.070ns
    Total Input Jitter (TIJ):   0.000ns
    Discrete Jitter (DJ):       0.000ns
    Phase Error (PE):           0.000ns

  Maximum Data Path at Slow Process Corner: myBishiBashi/bibashi/button_cond_bash/sync/M_pipe_q_1 to myBishiBashi/bibashi/button_cond_bash/M_ctr_q_16
    Location             Delay type         Delay(ns)  Physical Resource
                                                       Logical Resource(s)
    -------------------------------------------------  -------------------
    SLICE_X16Y27.BQ      Tcko                  0.525   myBishiBashi/bibashi/M_pipe_q_1_0
                                                       myBishiBashi/bibashi/button_cond_bash/sync/M_pipe_q_1
    SLICE_X17Y31.D3      net (fanout=2)        1.087   myBishiBashi/bibashi/M_pipe_q_1
    SLICE_X17Y31.D       Tilo                  0.259   myBishiBashi/bibashi/M_sync_bash_out_inv
                                                       myBishiBashi/bibashi/M_sync_bash_out_inv1_INV_0
    SLICE_X20Y40.SR      net (fanout=6)        2.088   myBishiBashi/bibashi/M_sync_bash_out_inv
    SLICE_X20Y40.CLK     Tsrck                 0.428   myBishiBashi/bibashi/button_cond_bash/M_ctr_q[19]
                                                       myBishiBashi/bibashi/button_cond_bash/M_ctr_q_16
    -------------------------------------------------  ---------------------------
    Total                                      4.387ns (1.212ns logic, 3.175ns route)
                                                       (27.6% logic, 72.4% route)

--------------------------------------------------------------------------------
Slack:                  15.726ns (requirement - (data path - clock path skew + uncertainty))
  Source:               myBishiBashi/bibashi/button_cond_bash/sync/M_pipe_q_1 (FF)
  Destination:          myBishiBashi/bibashi/button_cond_bash/M_ctr_q_15 (FF)
  Requirement:          20.000ns
  Data Path Delay:      4.208ns (Levels of Logic = 1)
  Clock Path Skew:      -0.031ns (0.682 - 0.713)
  Source Clock:         clk_BUFGP rising at 0.000ns
  Destination Clock:    clk_BUFGP rising at 20.000ns
  Clock Uncertainty:    0.035ns

  Clock Uncertainty:          0.035ns  ((TSJ^2 + TIJ^2)^1/2 + DJ) / 2 + PE
    Total System Jitter (TSJ):  0.070ns
    Total Input Jitter (TIJ):   0.000ns
    Discrete Jitter (DJ):       0.000ns
    Phase Error (PE):           0.000ns

  Maximum Data Path at Slow Process Corner: myBishiBashi/bibashi/button_cond_bash/sync/M_pipe_q_1 to myBishiBashi/bibashi/button_cond_bash/M_ctr_q_15
    Location             Delay type         Delay(ns)  Physical Resource
                                                       Logical Resource(s)
    -------------------------------------------------  -------------------
    SLICE_X16Y27.BQ      Tcko                  0.525   myBishiBashi/bibashi/M_pipe_q_1_0
                                                       myBishiBashi/bibashi/button_cond_bash/sync/M_pipe_q_1
    SLICE_X17Y31.D3      net (fanout=2)        1.087   myBishiBashi/bibashi/M_pipe_q_1
    SLICE_X17Y31.D       Tilo                  0.259   myBishiBashi/bibashi/M_sync_bash_out_inv
                                                       myBishiBashi/bibashi/M_sync_bash_out_inv1_INV_0
    SLICE_X20Y39.SR      net (fanout=6)        1.867   myBishiBashi/bibashi/M_sync_bash_out_inv
    SLICE_X20Y39.CLK     Tsrck                 0.470   myBishiBashi/bibashi/button_cond_bash/M_ctr_q[15]
                                                       myBishiBashi/bibashi/button_cond_bash/M_ctr_q_15
    -------------------------------------------------  ---------------------------
    Total                                      4.208ns (1.254ns logic, 2.954ns route)
                                                       (29.8% logic, 70.2% route)

--------------------------------------------------------------------------------
Slack:                  15.735ns (requirement - (data path - clock path skew + uncertainty))
  Source:               myBishiBashi/bibashi/button_cond_bash/sync/M_pipe_q_1 (FF)
  Destination:          myBishiBashi/bibashi/button_cond_bash/M_ctr_q_14 (FF)
  Requirement:          20.000ns
  Data Path Delay:      4.199ns (Levels of Logic = 1)
  Clock Path Skew:      -0.031ns (0.682 - 0.713)
  Source Clock:         clk_BUFGP rising at 0.000ns
  Destination Clock:    clk_BUFGP rising at 20.000ns
  Clock Uncertainty:    0.035ns

  Clock Uncertainty:          0.035ns  ((TSJ^2 + TIJ^2)^1/2 + DJ) / 2 + PE
    Total System Jitter (TSJ):  0.070ns
    Total Input Jitter (TIJ):   0.000ns
    Discrete Jitter (DJ):       0.000ns
    Phase Error (PE):           0.000ns

  Maximum Data Path at Slow Process Corner: myBishiBashi/bibashi/button_cond_bash/sync/M_pipe_q_1 to myBishiBashi/bibashi/button_cond_bash/M_ctr_q_14
    Location             Delay type         Delay(ns)  Physical Resource
                                                       Logical Resource(s)
    -------------------------------------------------  -------------------
    SLICE_X16Y27.BQ      Tcko                  0.525   myBishiBashi/bibashi/M_pipe_q_1_0
                                                       myBishiBashi/bibashi/button_cond_bash/sync/M_pipe_q_1
    SLICE_X17Y31.D3      net (fanout=2)        1.087   myBishiBashi/bibashi/M_pipe_q_1
    SLICE_X17Y31.D       Tilo                  0.259   myBishiBashi/bibashi/M_sync_bash_out_inv
                                                       myBishiBashi/bibashi/M_sync_bash_out_inv1_INV_0
    SLICE_X20Y39.SR      net (fanout=6)        1.867   myBishiBashi/bibashi/M_sync_bash_out_inv
    SLICE_X20Y39.CLK     Tsrck                 0.461   myBishiBashi/bibashi/button_cond_bash/M_ctr_q[15]
                                                       myBishiBashi/bibashi/button_cond_bash/M_ctr_q_14
    -------------------------------------------------  ---------------------------
    Total                                      4.199ns (1.245ns logic, 2.954ns route)
                                                       (29.6% logic, 70.4% route)

--------------------------------------------------------------------------------
Slack:                  15.746ns (requirement - (data path - clock path skew + uncertainty))
  Source:               myBishiBashi/bibashi/button_cond_bash/sync/M_pipe_q_1 (FF)
  Destination:          myBishiBashi/bibashi/button_cond_bash/M_ctr_q_13 (FF)
  Requirement:          20.000ns
  Data Path Delay:      4.188ns (Levels of Logic = 1)
  Clock Path Skew:      -0.031ns (0.682 - 0.713)
  Source Clock:         clk_BUFGP rising at 0.000ns
  Destination Clock:    clk_BUFGP rising at 20.000ns
  Clock Uncertainty:    0.035ns

  Clock Uncertainty:          0.035ns  ((TSJ^2 + TIJ^2)^1/2 + DJ) / 2 + PE
    Total System Jitter (TSJ):  0.070ns
    Total Input Jitter (TIJ):   0.000ns
    Discrete Jitter (DJ):       0.000ns
    Phase Error (PE):           0.000ns

  Maximum Data Path at Slow Process Corner: myBishiBashi/bibashi/button_cond_bash/sync/M_pipe_q_1 to myBishiBashi/bibashi/button_cond_bash/M_ctr_q_13
    Location             Delay type         Delay(ns)  Physical Resource
                                                       Logical Resource(s)
    -------------------------------------------------  -------------------
    SLICE_X16Y27.BQ      Tcko                  0.525   myBishiBashi/bibashi/M_pipe_q_1_0
                                                       myBishiBashi/bibashi/button_cond_bash/sync/M_pipe_q_1
    SLICE_X17Y31.D3      net (fanout=2)        1.087   myBishiBashi/bibashi/M_pipe_q_1
    SLICE_X17Y31.D       Tilo                  0.259   myBishiBashi/bibashi/M_sync_bash_out_inv
                                                       myBishiBashi/bibashi/M_sync_bash_out_inv1_INV_0
    SLICE_X20Y39.SR      net (fanout=6)        1.867   myBishiBashi/bibashi/M_sync_bash_out_inv
    SLICE_X20Y39.CLK     Tsrck                 0.450   myBishiBashi/bibashi/button_cond_bash/M_ctr_q[15]
                                                       myBishiBashi/bibashi/button_cond_bash/M_ctr_q_13
    -------------------------------------------------  ---------------------------
    Total                                      4.188ns (1.234ns logic, 2.954ns route)
                                                       (29.5% logic, 70.5% route)

--------------------------------------------------------------------------------
Slack:                  15.768ns (requirement - (data path - clock path skew + uncertainty))
  Source:               myBishiBashi/bibashi/button_cond_bash/sync/M_pipe_q_1 (FF)
  Destination:          myBishiBashi/bibashi/button_cond_bash/M_ctr_q_12 (FF)
  Requirement:          20.000ns
  Data Path Delay:      4.166ns (Levels of Logic = 1)
  Clock Path Skew:      -0.031ns (0.682 - 0.713)
  Source Clock:         clk_BUFGP rising at 0.000ns
  Destination Clock:    clk_BUFGP rising at 20.000ns
  Clock Uncertainty:    0.035ns

  Clock Uncertainty:          0.035ns  ((TSJ^2 + TIJ^2)^1/2 + DJ) / 2 + PE
    Total System Jitter (TSJ):  0.070ns
    Total Input Jitter (TIJ):   0.000ns
    Discrete Jitter (DJ):       0.000ns
    Phase Error (PE):           0.000ns

  Maximum Data Path at Slow Process Corner: myBishiBashi/bibashi/button_cond_bash/sync/M_pipe_q_1 to myBishiBashi/bibashi/button_cond_bash/M_ctr_q_12
    Location             Delay type         Delay(ns)  Physical Resource
                                                       Logical Resource(s)
    -------------------------------------------------  -------------------
    SLICE_X16Y27.BQ      Tcko                  0.525   myBishiBashi/bibashi/M_pipe_q_1_0
                                                       myBishiBashi/bibashi/button_cond_bash/sync/M_pipe_q_1
    SLICE_X17Y31.D3      net (fanout=2)        1.087   myBishiBashi/bibashi/M_pipe_q_1
    SLICE_X17Y31.D       Tilo                  0.259   myBishiBashi/bibashi/M_sync_bash_out_inv
                                                       myBishiBashi/bibashi/M_sync_bash_out_inv1_INV_0
    SLICE_X20Y39.SR      net (fanout=6)        1.867   myBishiBashi/bibashi/M_sync_bash_out_inv
    SLICE_X20Y39.CLK     Tsrck                 0.428   myBishiBashi/bibashi/button_cond_bash/M_ctr_q[15]
                                                       myBishiBashi/bibashi/button_cond_bash/M_ctr_q_12
    -------------------------------------------------  ---------------------------
    Total                                      4.166ns (1.212ns logic, 2.954ns route)
                                                       (29.1% logic, 70.9% route)

--------------------------------------------------------------------------------
Slack:                  15.871ns (requirement - (data path - clock path skew + uncertainty))
  Source:               myBishiBashi/bibashi/button_cond_bash/M_ctr_q_19 (FF)
  Destination:          myBishiBashi/bibashi/button_cond_bash/M_ctr_q_0 (FF)
  Requirement:          20.000ns
  Data Path Delay:      4.075ns (Levels of Logic = 3)
  Clock Path Skew:      -0.019ns (0.287 - 0.306)
  Source Clock:         clk_BUFGP rising at 0.000ns
  Destination Clock:    clk_BUFGP rising at 20.000ns
  Clock Uncertainty:    0.035ns

  Clock Uncertainty:          0.035ns  ((TSJ^2 + TIJ^2)^1/2 + DJ) / 2 + PE
    Total System Jitter (TSJ):  0.070ns
    Total Input Jitter (TIJ):   0.000ns
    Discrete Jitter (DJ):       0.000ns
    Phase Error (PE):           0.000ns

  Maximum Data Path at Slow Process Corner: myBishiBashi/bibashi/button_cond_bash/M_ctr_q_19 to myBishiBashi/bibashi/button_cond_bash/M_ctr_q_0
    Location             Delay type         Delay(ns)  Physical Resource
                                                       Logical Resource(s)
    -------------------------------------------------  -------------------
    SLICE_X20Y40.DQ      Tcko                  0.525   myBishiBashi/bibashi/button_cond_bash/M_ctr_q[19]
                                                       myBishiBashi/bibashi/button_cond_bash/M_ctr_q_19
    SLICE_X21Y38.D1      net (fanout=2)        1.223   myBishiBashi/bibashi/button_cond_bash/M_ctr_q[19]
    SLICE_X21Y38.D       Tilo                  0.259   myBishiBashi/bibashi/out1_0
                                                       myBishiBashi/bibashi/button_cond_bash/out2
    SLICE_X17Y38.B2      net (fanout=3)        1.206   myBishiBashi/bibashi/out1_0
    SLICE_X17Y38.B       Tilo                  0.259   myBishiBashi/bibashi/M_ctr_q_0_1
                                                       myBishiBashi/bibashi/button_cond_bash/M_ctr_q_0_rstpot
    SLICE_X17Y38.A5      net (fanout=1)        0.230   myBishiBashi/bibashi/button_cond_bash/M_ctr_q_0_rstpot
    SLICE_X17Y38.CLK     Tas                   0.373   myBishiBashi/bibashi/M_ctr_q_0_1
                                                       myBishiBashi/bibashi/button_cond_bash/M_ctr_q_0_rstpot1
                                                       myBishiBashi/bibashi/button_cond_bash/M_ctr_q_0
    -------------------------------------------------  ---------------------------
    Total                                      4.075ns (1.416ns logic, 2.659ns route)
                                                       (34.7% logic, 65.3% route)

--------------------------------------------------------------------------------
Slack:                  15.922ns (requirement - (data path - clock path skew + uncertainty))
  Source:               myBishiBashi/bibashi/button_cond_bash/sync/M_pipe_q_1 (FF)
  Destination:          myBishiBashi/bibashi/button_cond_bash/M_ctr_q_11 (FF)
  Requirement:          20.000ns
  Data Path Delay:      4.014ns (Levels of Logic = 1)
  Clock Path Skew:      -0.029ns (0.684 - 0.713)
  Source Clock:         clk_BUFGP rising at 0.000ns
  Destination Clock:    clk_BUFGP rising at 20.000ns
  Clock Uncertainty:    0.035ns

  Clock Uncertainty:          0.035ns  ((TSJ^2 + TIJ^2)^1/2 + DJ) / 2 + PE
    Total System Jitter (TSJ):  0.070ns
    Total Input Jitter (TIJ):   0.000ns
    Discrete Jitter (DJ):       0.000ns
    Phase Error (PE):           0.000ns

  Maximum Data Path at Slow Process Corner: myBishiBashi/bibashi/button_cond_bash/sync/M_pipe_q_1 to myBishiBashi/bibashi/button_cond_bash/M_ctr_q_11
    Location             Delay type         Delay(ns)  Physical Resource
                                                       Logical Resource(s)
    -------------------------------------------------  -------------------
    SLICE_X16Y27.BQ      Tcko                  0.525   myBishiBashi/bibashi/M_pipe_q_1_0
                                                       myBishiBashi/bibashi/button_cond_bash/sync/M_pipe_q_1
    SLICE_X17Y31.D3      net (fanout=2)        1.087   myBishiBashi/bibashi/M_pipe_q_1
    SLICE_X17Y31.D       Tilo                  0.259   myBishiBashi/bibashi/M_sync_bash_out_inv
                                                       myBishiBashi/bibashi/M_sync_bash_out_inv1_INV_0
    SLICE_X20Y38.SR      net (fanout=6)        1.673   myBishiBashi/bibashi/M_sync_bash_out_inv
    SLICE_X20Y38.CLK     Tsrck                 0.470   myBishiBashi/bibashi/button_cond_bash/M_ctr_q[11]
                                                       myBishiBashi/bibashi/button_cond_bash/M_ctr_q_11
    -------------------------------------------------  ---------------------------
    Total                                      4.014ns (1.254ns logic, 2.760ns route)
                                                       (31.2% logic, 68.8% route)

--------------------------------------------------------------------------------
Slack:                  15.931ns (requirement - (data path - clock path skew + uncertainty))
  Source:               myBishiBashi/bibashi/button_cond_bash/sync/M_pipe_q_1 (FF)
  Destination:          myBishiBashi/bibashi/button_cond_bash/M_ctr_q_10 (FF)
  Requirement:          20.000ns
  Data Path Delay:      4.005ns (Levels of Logic = 1)
  Clock Path Skew:      -0.029ns (0.684 - 0.713)
  Source Clock:         clk_BUFGP rising at 0.000ns
  Destination Clock:    clk_BUFGP rising at 20.000ns
  Clock Uncertainty:    0.035ns

  Clock Uncertainty:          0.035ns  ((TSJ^2 + TIJ^2)^1/2 + DJ) / 2 + PE
    Total System Jitter (TSJ):  0.070ns
    Total Input Jitter (TIJ):   0.000ns
    Discrete Jitter (DJ):       0.000ns
    Phase Error (PE):           0.000ns

  Maximum Data Path at Slow Process Corner: myBishiBashi/bibashi/button_cond_bash/sync/M_pipe_q_1 to myBishiBashi/bibashi/button_cond_bash/M_ctr_q_10
    Location             Delay type         Delay(ns)  Physical Resource
                                                       Logical Resource(s)
    -------------------------------------------------  -------------------
    SLICE_X16Y27.BQ      Tcko                  0.525   myBishiBashi/bibashi/M_pipe_q_1_0
                                                       myBishiBashi/bibashi/button_cond_bash/sync/M_pipe_q_1
    SLICE_X17Y31.D3      net (fanout=2)        1.087   myBishiBashi/bibashi/M_pipe_q_1
    SLICE_X17Y31.D       Tilo                  0.259   myBishiBashi/bibashi/M_sync_bash_out_inv
                                                       myBishiBashi/bibashi/M_sync_bash_out_inv1_INV_0
    SLICE_X20Y38.SR      net (fanout=6)        1.673   myBishiBashi/bibashi/M_sync_bash_out_inv
    SLICE_X20Y38.CLK     Tsrck                 0.461   myBishiBashi/bibashi/button_cond_bash/M_ctr_q[11]
                                                       myBishiBashi/bibashi/button_cond_bash/M_ctr_q_10
    -------------------------------------------------  ---------------------------
    Total                                      4.005ns (1.245ns logic, 2.760ns route)
                                                       (31.1% logic, 68.9% route)

--------------------------------------------------------------------------------
Slack:                  15.942ns (requirement - (data path - clock path skew + uncertainty))
  Source:               myBishiBashi/bibashi/button_cond_bash/sync/M_pipe_q_1 (FF)
  Destination:          myBishiBashi/bibashi/button_cond_bash/M_ctr_q_9 (FF)
  Requirement:          20.000ns
  Data Path Delay:      3.994ns (Levels of Logic = 1)
  Clock Path Skew:      -0.029ns (0.684 - 0.713)
  Source Clock:         clk_BUFGP rising at 0.000ns
  Destination Clock:    clk_BUFGP rising at 20.000ns
  Clock Uncertainty:    0.035ns

  Clock Uncertainty:          0.035ns  ((TSJ^2 + TIJ^2)^1/2 + DJ) / 2 + PE
    Total System Jitter (TSJ):  0.070ns
    Total Input Jitter (TIJ):   0.000ns
    Discrete Jitter (DJ):       0.000ns
    Phase Error (PE):           0.000ns

  Maximum Data Path at Slow Process Corner: myBishiBashi/bibashi/button_cond_bash/sync/M_pipe_q_1 to myBishiBashi/bibashi/button_cond_bash/M_ctr_q_9
    Location             Delay type         Delay(ns)  Physical Resource
                                                       Logical Resource(s)
    -------------------------------------------------  -------------------
    SLICE_X16Y27.BQ      Tcko                  0.525   myBishiBashi/bibashi/M_pipe_q_1_0
                                                       myBishiBashi/bibashi/button_cond_bash/sync/M_pipe_q_1
    SLICE_X17Y31.D3      net (fanout=2)        1.087   myBishiBashi/bibashi/M_pipe_q_1
    SLICE_X17Y31.D       Tilo                  0.259   myBishiBashi/bibashi/M_sync_bash_out_inv
                                                       myBishiBashi/bibashi/M_sync_bash_out_inv1_INV_0
    SLICE_X20Y38.SR      net (fanout=6)        1.673   myBishiBashi/bibashi/M_sync_bash_out_inv
    SLICE_X20Y38.CLK     Tsrck                 0.450   myBishiBashi/bibashi/button_cond_bash/M_ctr_q[11]
                                                       myBishiBashi/bibashi/button_cond_bash/M_ctr_q_9
    -------------------------------------------------  ---------------------------
    Total                                      3.994ns (1.234ns logic, 2.760ns route)
                                                       (30.9% logic, 69.1% route)

--------------------------------------------------------------------------------
Slack:                  15.964ns (requirement - (data path - clock path skew + uncertainty))
  Source:               myBishiBashi/bibashi/button_cond_bash/sync/M_pipe_q_1 (FF)
  Destination:          myBishiBashi/bibashi/button_cond_bash/M_ctr_q_8 (FF)
  Requirement:          20.000ns
  Data Path Delay:      3.972ns (Levels of Logic = 1)
  Clock Path Skew:      -0.029ns (0.684 - 0.713)
  Source Clock:         clk_BUFGP rising at 0.000ns
  Destination Clock:    clk_BUFGP rising at 20.000ns
  Clock Uncertainty:    0.035ns

  Clock Uncertainty:          0.035ns  ((TSJ^2 + TIJ^2)^1/2 + DJ) / 2 + PE
    Total System Jitter (TSJ):  0.070ns
    Total Input Jitter (TIJ):   0.000ns
    Discrete Jitter (DJ):       0.000ns
    Phase Error (PE):           0.000ns

  Maximum Data Path at Slow Process Corner: myBishiBashi/bibashi/button_cond_bash/sync/M_pipe_q_1 to myBishiBashi/bibashi/button_cond_bash/M_ctr_q_8
    Location             Delay type         Delay(ns)  Physical Resource
                                                       Logical Resource(s)
    -------------------------------------------------  -------------------
    SLICE_X16Y27.BQ      Tcko                  0.525   myBishiBashi/bibashi/M_pipe_q_1_0
                                                       myBishiBashi/bibashi/button_cond_bash/sync/M_pipe_q_1
    SLICE_X17Y31.D3      net (fanout=2)        1.087   myBishiBashi/bibashi/M_pipe_q_1
    SLICE_X17Y31.D       Tilo                  0.259   myBishiBashi/bibashi/M_sync_bash_out_inv
                                                       myBishiBashi/bibashi/M_sync_bash_out_inv1_INV_0
    SLICE_X20Y38.SR      net (fanout=6)        1.673   myBishiBashi/bibashi/M_sync_bash_out_inv
    SLICE_X20Y38.CLK     Tsrck                 0.428   myBishiBashi/bibashi/button_cond_bash/M_ctr_q[11]
                                                       myBishiBashi/bibashi/button_cond_bash/M_ctr_q_8
    -------------------------------------------------  ---------------------------
    Total                                      3.972ns (1.212ns logic, 2.760ns route)
                                                       (30.5% logic, 69.5% route)

--------------------------------------------------------------------------------
Slack:                  16.026ns (requirement - (data path - clock path skew + uncertainty))
  Source:               myBishiBashi/bibashi/M_ctr_q_19 (FF)
  Destination:          myBishiBashi/bibashi/M_ctr_q_16 (FF)
  Requirement:          20.000ns
  Data Path Delay:      3.939ns (Levels of Logic = 2)
  Clock Path Skew:      0.000ns
  Source Clock:         clk_BUFGP rising at 0.000ns
  Destination Clock:    clk_BUFGP rising at 20.000ns
  Clock Uncertainty:    0.035ns

  Clock Uncertainty:          0.035ns  ((TSJ^2 + TIJ^2)^1/2 + DJ) / 2 + PE
    Total System Jitter (TSJ):  0.070ns
    Total Input Jitter (TIJ):   0.000ns
    Discrete Jitter (DJ):       0.000ns
    Phase Error (PE):           0.000ns

  Maximum Data Path at Slow Process Corner: myBishiBashi/bibashi/M_ctr_q_19 to myBishiBashi/bibashi/M_ctr_q_16
    Location             Delay type         Delay(ns)  Physical Resource
                                                       Logical Resource(s)
    -------------------------------------------------  -------------------
    SLICE_X16Y32.DQ      Tcko                  0.525   myBishiBashi/bibashi/M_ctr_q[19]
                                                       myBishiBashi/bibashi/M_ctr_q_19
    SLICE_X17Y32.D1      net (fanout=2)        1.392   myBishiBashi/bibashi/M_ctr_q[19]
    SLICE_X17Y32.D       Tilo                  0.259   myBishiBashi/bibashi/M_ctr_q[0]
                                                       myBishiBashi/bibashi/out3
    SLICE_X17Y31.A3      net (fanout=5)        0.596   myBishiBashi/bibashi/out2
    SLICE_X17Y31.A       Tilo                  0.259   myBishiBashi/bibashi/M_sync_bash_out_inv
                                                       myBishiBashi/bibashi/M_ctr_q[23]_reduce_and_1_o_inv1
    SLICE_X16Y32.CE      net (fanout=6)        0.595   myBishiBashi/bibashi/M_ctr_q[23]_reduce_and_1_o_inv
    SLICE_X16Y32.CLK     Tceck                 0.313   myBishiBashi/bibashi/M_ctr_q[19]
                                                       myBishiBashi/bibashi/M_ctr_q_16
    -------------------------------------------------  ---------------------------
    Total                                      3.939ns (1.356ns logic, 2.583ns route)
                                                       (34.4% logic, 65.6% route)

--------------------------------------------------------------------------------
Slack:                  16.036ns (requirement - (data path - clock path skew + uncertainty))
  Source:               myBishiBashi/bibashi/M_ctr_q_19 (FF)
  Destination:          myBishiBashi/bibashi/M_ctr_q_20 (FF)
  Requirement:          20.000ns
  Data Path Delay:      3.917ns (Levels of Logic = 2)
  Clock Path Skew:      -0.012ns (0.196 - 0.208)
  Source Clock:         clk_BUFGP rising at 0.000ns
  Destination Clock:    clk_BUFGP rising at 20.000ns
  Clock Uncertainty:    0.035ns

  Clock Uncertainty:          0.035ns  ((TSJ^2 + TIJ^2)^1/2 + DJ) / 2 + PE
    Total System Jitter (TSJ):  0.070ns
    Total Input Jitter (TIJ):   0.000ns
    Discrete Jitter (DJ):       0.000ns
    Phase Error (PE):           0.000ns

  Maximum Data Path at Slow Process Corner: myBishiBashi/bibashi/M_ctr_q_19 to myBishiBashi/bibashi/M_ctr_q_20
    Location             Delay type         Delay(ns)  Physical Resource
                                                       Logical Resource(s)
    -------------------------------------------------  -------------------
    SLICE_X16Y32.DQ      Tcko                  0.525   myBishiBashi/bibashi/M_ctr_q[19]
                                                       myBishiBashi/bibashi/M_ctr_q_19
    SLICE_X17Y32.D1      net (fanout=2)        1.392   myBishiBashi/bibashi/M_ctr_q[19]
    SLICE_X17Y32.D       Tilo                  0.259   myBishiBashi/bibashi/M_ctr_q[0]
                                                       myBishiBashi/bibashi/out3
    SLICE_X17Y31.A3      net (fanout=5)        0.596   myBishiBashi/bibashi/out2
    SLICE_X17Y31.A       Tilo                  0.259   myBishiBashi/bibashi/M_sync_bash_out_inv
                                                       myBishiBashi/bibashi/M_ctr_q[23]_reduce_and_1_o_inv1
    SLICE_X16Y33.CE      net (fanout=6)        0.573   myBishiBashi/bibashi/M_ctr_q[23]_reduce_and_1_o_inv
    SLICE_X16Y33.CLK     Tceck                 0.313   myBishiBashi/bibashi/M_ctr_q[23]
                                                       myBishiBashi/bibashi/M_ctr_q_20
    -------------------------------------------------  ---------------------------
    Total                                      3.917ns (1.356ns logic, 2.561ns route)
                                                       (34.6% logic, 65.4% route)

--------------------------------------------------------------------------------
Slack:                  16.052ns (requirement - (data path - clock path skew + uncertainty))
  Source:               myBishiBashi/bibashi/M_ctr_q_19 (FF)
  Destination:          myBishiBashi/bibashi/M_ctr_q_12 (FF)
  Requirement:          20.000ns
  Data Path Delay:      3.884ns (Levels of Logic = 2)
  Clock Path Skew:      -0.029ns (0.690 - 0.719)
  Source Clock:         clk_BUFGP rising at 0.000ns
  Destination Clock:    clk_BUFGP rising at 20.000ns
  Clock Uncertainty:    0.035ns

  Clock Uncertainty:          0.035ns  ((TSJ^2 + TIJ^2)^1/2 + DJ) / 2 + PE
    Total System Jitter (TSJ):  0.070ns
    Total Input Jitter (TIJ):   0.000ns
    Discrete Jitter (DJ):       0.000ns
    Phase Error (PE):           0.000ns

  Maximum Data Path at Slow Process Corner: myBishiBashi/bibashi/M_ctr_q_19 to myBishiBashi/bibashi/M_ctr_q_12
    Location             Delay type         Delay(ns)  Physical Resource
                                                       Logical Resource(s)
    -------------------------------------------------  -------------------
    SLICE_X16Y32.DQ      Tcko                  0.525   myBishiBashi/bibashi/M_ctr_q[19]
                                                       myBishiBashi/bibashi/M_ctr_q_19
    SLICE_X17Y32.D1      net (fanout=2)        1.392   myBishiBashi/bibashi/M_ctr_q[19]
    SLICE_X17Y32.D       Tilo                  0.259   myBishiBashi/bibashi/M_ctr_q[0]
                                                       myBishiBashi/bibashi/out3
    SLICE_X17Y31.A3      net (fanout=5)        0.596   myBishiBashi/bibashi/out2
    SLICE_X17Y31.A       Tilo                  0.259   myBishiBashi/bibashi/M_sync_bash_out_inv
                                                       myBishiBashi/bibashi/M_ctr_q[23]_reduce_and_1_o_inv1
    SLICE_X16Y31.CE      net (fanout=6)        0.540   myBishiBashi/bibashi/M_ctr_q[23]_reduce_and_1_o_inv
    SLICE_X16Y31.CLK     Tceck                 0.313   myBishiBashi/bibashi/M_ctr_q[15]
                                                       myBishiBashi/bibashi/M_ctr_q_12
    -------------------------------------------------  ---------------------------
    Total                                      3.884ns (1.356ns logic, 2.528ns route)
                                                       (34.9% logic, 65.1% route)

--------------------------------------------------------------------------------
Slack:                  16.061ns (requirement - (data path - clock path skew + uncertainty))
  Source:               myBishiBashi/bibashi/M_ctr_q_19 (FF)
  Destination:          myBishiBashi/bibashi/M_ctr_q_4 (FF)
  Requirement:          20.000ns
  Data Path Delay:      3.873ns (Levels of Logic = 2)
  Clock Path Skew:      -0.031ns (0.688 - 0.719)
  Source Clock:         clk_BUFGP rising at 0.000ns
  Destination Clock:    clk_BUFGP rising at 20.000ns
  Clock Uncertainty:    0.035ns

  Clock Uncertainty:          0.035ns  ((TSJ^2 + TIJ^2)^1/2 + DJ) / 2 + PE
    Total System Jitter (TSJ):  0.070ns
    Total Input Jitter (TIJ):   0.000ns
    Discrete Jitter (DJ):       0.000ns
    Phase Error (PE):           0.000ns

  Maximum Data Path at Slow Process Corner: myBishiBashi/bibashi/M_ctr_q_19 to myBishiBashi/bibashi/M_ctr_q_4
    Location             Delay type         Delay(ns)  Physical Resource
                                                       Logical Resource(s)
    -------------------------------------------------  -------------------
    SLICE_X16Y32.DQ      Tcko                  0.525   myBishiBashi/bibashi/M_ctr_q[19]
                                                       myBishiBashi/bibashi/M_ctr_q_19
    SLICE_X17Y32.D1      net (fanout=2)        1.392   myBishiBashi/bibashi/M_ctr_q[19]
    SLICE_X17Y32.D       Tilo                  0.259   myBishiBashi/bibashi/M_ctr_q[0]
                                                       myBishiBashi/bibashi/out3
    SLICE_X17Y31.A3      net (fanout=5)        0.596   myBishiBashi/bibashi/out2
    SLICE_X17Y31.A       Tilo                  0.259   myBishiBashi/bibashi/M_sync_bash_out_inv
                                                       myBishiBashi/bibashi/M_ctr_q[23]_reduce_and_1_o_inv1
    SLICE_X16Y29.CE      net (fanout=6)        0.529   myBishiBashi/bibashi/M_ctr_q[23]_reduce_and_1_o_inv
    SLICE_X16Y29.CLK     Tceck                 0.313   myBishiBashi/bibashi/M_ctr_q[7]
                                                       myBishiBashi/bibashi/M_ctr_q_4
    -------------------------------------------------  ---------------------------
    Total                                      3.873ns (1.356ns logic, 2.517ns route)
                                                       (35.0% logic, 65.0% route)

--------------------------------------------------------------------------------
Slack:                  16.066ns (requirement - (data path - clock path skew + uncertainty))
  Source:               myBishiBashi/bibashi/M_ctr_q_19 (FF)
  Destination:          myBishiBashi/bibashi/M_ctr_q_2 (FF)
  Requirement:          20.000ns
  Data Path Delay:      3.866ns (Levels of Logic = 2)
  Clock Path Skew:      -0.033ns (0.686 - 0.719)
  Source Clock:         clk_BUFGP rising at 0.000ns
  Destination Clock:    clk_BUFGP rising at 20.000ns
  Clock Uncertainty:    0.035ns

  Clock Uncertainty:          0.035ns  ((TSJ^2 + TIJ^2)^1/2 + DJ) / 2 + PE
    Total System Jitter (TSJ):  0.070ns
    Total Input Jitter (TIJ):   0.000ns
    Discrete Jitter (DJ):       0.000ns
    Phase Error (PE):           0.000ns

  Maximum Data Path at Slow Process Corner: myBishiBashi/bibashi/M_ctr_q_19 to myBishiBashi/bibashi/M_ctr_q_2
    Location             Delay type         Delay(ns)  Physical Resource
                                                       Logical Resource(s)
    -------------------------------------------------  -------------------
    SLICE_X16Y32.DQ      Tcko                  0.525   myBishiBashi/bibashi/M_ctr_q[19]
                                                       myBishiBashi/bibashi/M_ctr_q_19
    SLICE_X17Y32.D1      net (fanout=2)        1.392   myBishiBashi/bibashi/M_ctr_q[19]
    SLICE_X17Y32.D       Tilo                  0.259   myBishiBashi/bibashi/M_ctr_q[0]
                                                       myBishiBashi/bibashi/out3
    SLICE_X17Y31.A3      net (fanout=5)        0.596   myBishiBashi/bibashi/out2
    SLICE_X17Y31.A       Tilo                  0.259   myBishiBashi/bibashi/M_sync_bash_out_inv
                                                       myBishiBashi/bibashi/M_ctr_q[23]_reduce_and_1_o_inv1
    SLICE_X16Y28.CE      net (fanout=6)        0.566   myBishiBashi/bibashi/M_ctr_q[23]_reduce_and_1_o_inv
    SLICE_X16Y28.CLK     Tceck                 0.269   myBishiBashi/bibashi/M_ctr_q[3]
                                                       myBishiBashi/bibashi/M_ctr_q_2
    -------------------------------------------------  ---------------------------
    Total                                      3.866ns (1.312ns logic, 2.554ns route)
                                                       (33.9% logic, 66.1% route)

--------------------------------------------------------------------------------
Slack:                  16.069ns (requirement - (data path - clock path skew + uncertainty))
  Source:               myBishiBashi/bibashi/M_ctr_q_19 (FF)
  Destination:          myBishiBashi/bibashi/M_ctr_q_3 (FF)
  Requirement:          20.000ns
  Data Path Delay:      3.863ns (Levels of Logic = 2)
  Clock Path Skew:      -0.033ns (0.686 - 0.719)
  Source Clock:         clk_BUFGP rising at 0.000ns
  Destination Clock:    clk_BUFGP rising at 20.000ns
  Clock Uncertainty:    0.035ns

  Clock Uncertainty:          0.035ns  ((TSJ^2 + TIJ^2)^1/2 + DJ) / 2 + PE
    Total System Jitter (TSJ):  0.070ns
    Total Input Jitter (TIJ):   0.000ns
    Discrete Jitter (DJ):       0.000ns
    Phase Error (PE):           0.000ns

  Maximum Data Path at Slow Process Corner: myBishiBashi/bibashi/M_ctr_q_19 to myBishiBashi/bibashi/M_ctr_q_3
    Location             Delay type         Delay(ns)  Physical Resource
                                                       Logical Resource(s)
    -------------------------------------------------  -------------------
    SLICE_X16Y32.DQ      Tcko                  0.525   myBishiBashi/bibashi/M_ctr_q[19]
                                                       myBishiBashi/bibashi/M_ctr_q_19
    SLICE_X17Y32.D1      net (fanout=2)        1.392   myBishiBashi/bibashi/M_ctr_q[19]
    SLICE_X17Y32.D       Tilo                  0.259   myBishiBashi/bibashi/M_ctr_q[0]
                                                       myBishiBashi/bibashi/out3
    SLICE_X17Y31.A3      net (fanout=5)        0.596   myBishiBashi/bibashi/out2
    SLICE_X17Y31.A       Tilo                  0.259   myBishiBashi/bibashi/M_sync_bash_out_inv
                                                       myBishiBashi/bibashi/M_ctr_q[23]_reduce_and_1_o_inv1
    SLICE_X16Y28.CE      net (fanout=6)        0.566   myBishiBashi/bibashi/M_ctr_q[23]_reduce_and_1_o_inv
    SLICE_X16Y28.CLK     Tceck                 0.266   myBishiBashi/bibashi/M_ctr_q[3]
                                                       myBishiBashi/bibashi/M_ctr_q_3
    -------------------------------------------------  ---------------------------
    Total                                      3.863ns (1.309ns logic, 2.554ns route)
                                                       (33.9% logic, 66.1% route)

--------------------------------------------------------------------------------
Slack:                  16.070ns (requirement - (data path - clock path skew + uncertainty))
  Source:               myBishiBashi/bibashi/M_ctr_q_19 (FF)
  Destination:          myBishiBashi/bibashi/M_ctr_q_18 (FF)
  Requirement:          20.000ns
  Data Path Delay:      3.895ns (Levels of Logic = 2)
  Clock Path Skew:      0.000ns
  Source Clock:         clk_BUFGP rising at 0.000ns
  Destination Clock:    clk_BUFGP rising at 20.000ns
  Clock Uncertainty:    0.035ns

  Clock Uncertainty:          0.035ns  ((TSJ^2 + TIJ^2)^1/2 + DJ) / 2 + PE
    Total System Jitter (TSJ):  0.070ns
    Total Input Jitter (TIJ):   0.000ns
    Discrete Jitter (DJ):       0.000ns
    Phase Error (PE):           0.000ns

  Maximum Data Path at Slow Process Corner: myBishiBashi/bibashi/M_ctr_q_19 to myBishiBashi/bibashi/M_ctr_q_18
    Location             Delay type         Delay(ns)  Physical Resource
                                                       Logical Resource(s)
    -------------------------------------------------  -------------------
    SLICE_X16Y32.DQ      Tcko                  0.525   myBishiBashi/bibashi/M_ctr_q[19]
                                                       myBishiBashi/bibashi/M_ctr_q_19
    SLICE_X17Y32.D1      net (fanout=2)        1.392   myBishiBashi/bibashi/M_ctr_q[19]
    SLICE_X17Y32.D       Tilo                  0.259   myBishiBashi/bibashi/M_ctr_q[0]
                                                       myBishiBashi/bibashi/out3
    SLICE_X17Y31.A3      net (fanout=5)        0.596   myBishiBashi/bibashi/out2
    SLICE_X17Y31.A       Tilo                  0.259   myBishiBashi/bibashi/M_sync_bash_out_inv
                                                       myBishiBashi/bibashi/M_ctr_q[23]_reduce_and_1_o_inv1
    SLICE_X16Y32.CE      net (fanout=6)        0.595   myBishiBashi/bibashi/M_ctr_q[23]_reduce_and_1_o_inv
    SLICE_X16Y32.CLK     Tceck                 0.269   myBishiBashi/bibashi/M_ctr_q[19]
                                                       myBishiBashi/bibashi/M_ctr_q_18
    -------------------------------------------------  ---------------------------
    Total                                      3.895ns (1.312ns logic, 2.583ns route)
                                                       (33.7% logic, 66.3% route)

--------------------------------------------------------------------------------
Slack:                  16.073ns (requirement - (data path - clock path skew + uncertainty))
  Source:               myBishiBashi/bibashi/M_ctr_q_19 (FF)
  Destination:          myBishiBashi/bibashi/M_ctr_q_19 (FF)
  Requirement:          20.000ns
  Data Path Delay:      3.892ns (Levels of Logic = 2)
  Clock Path Skew:      0.000ns
  Source Clock:         clk_BUFGP rising at 0.000ns
  Destination Clock:    clk_BUFGP rising at 20.000ns
  Clock Uncertainty:    0.035ns

  Clock Uncertainty:          0.035ns  ((TSJ^2 + TIJ^2)^1/2 + DJ) / 2 + PE
    Total System Jitter (TSJ):  0.070ns
    Total Input Jitter (TIJ):   0.000ns
    Discrete Jitter (DJ):       0.000ns
    Phase Error (PE):           0.000ns

  Maximum Data Path at Slow Process Corner: myBishiBashi/bibashi/M_ctr_q_19 to myBishiBashi/bibashi/M_ctr_q_19
    Location             Delay type         Delay(ns)  Physical Resource
                                                       Logical Resource(s)
    -------------------------------------------------  -------------------
    SLICE_X16Y32.DQ      Tcko                  0.525   myBishiBashi/bibashi/M_ctr_q[19]
                                                       myBishiBashi/bibashi/M_ctr_q_19
    SLICE_X17Y32.D1      net (fanout=2)        1.392   myBishiBashi/bibashi/M_ctr_q[19]
    SLICE_X17Y32.D       Tilo                  0.259   myBishiBashi/bibashi/M_ctr_q[0]
                                                       myBishiBashi/bibashi/out3
    SLICE_X17Y31.A3      net (fanout=5)        0.596   myBishiBashi/bibashi/out2
    SLICE_X17Y31.A       Tilo                  0.259   myBishiBashi/bibashi/M_sync_bash_out_inv
                                                       myBishiBashi/bibashi/M_ctr_q[23]_reduce_and_1_o_inv1
    SLICE_X16Y32.CE      net (fanout=6)        0.595   myBishiBashi/bibashi/M_ctr_q[23]_reduce_and_1_o_inv
    SLICE_X16Y32.CLK     Tceck                 0.266   myBishiBashi/bibashi/M_ctr_q[19]
                                                       myBishiBashi/bibashi/M_ctr_q_19
    -------------------------------------------------  ---------------------------
    Total                                      3.892ns (1.309ns logic, 2.583ns route)
                                                       (33.6% logic, 66.4% route)

--------------------------------------------------------------------------------
Slack:                  16.076ns (requirement - (data path - clock path skew + uncertainty))
  Source:               myBishiBashi/bibashi/button_cond_bash/M_ctr_q_19 (FF)
  Destination:          myBishiBashi/bibashi/button_cond_bash/M_ctr_q_16 (FF)
  Requirement:          20.000ns
  Data Path Delay:      3.889ns (Levels of Logic = 2)
  Clock Path Skew:      0.000ns
  Source Clock:         clk_BUFGP rising at 0.000ns
  Destination Clock:    clk_BUFGP rising at 20.000ns
  Clock Uncertainty:    0.035ns

  Clock Uncertainty:          0.035ns  ((TSJ^2 + TIJ^2)^1/2 + DJ) / 2 + PE
    Total System Jitter (TSJ):  0.070ns
    Total Input Jitter (TIJ):   0.000ns
    Discrete Jitter (DJ):       0.000ns
    Phase Error (PE):           0.000ns

  Maximum Data Path at Slow Process Corner: myBishiBashi/bibashi/button_cond_bash/M_ctr_q_19 to myBishiBashi/bibashi/button_cond_bash/M_ctr_q_16
    Location             Delay type         Delay(ns)  Physical Resource
                                                       Logical Resource(s)
    -------------------------------------------------  -------------------
    SLICE_X20Y40.DQ      Tcko                  0.525   myBishiBashi/bibashi/button_cond_bash/M_ctr_q[19]
                                                       myBishiBashi/bibashi/button_cond_bash/M_ctr_q_19
    SLICE_X21Y38.D1      net (fanout=2)        1.223   myBishiBashi/bibashi/button_cond_bash/M_ctr_q[19]
    SLICE_X21Y38.D       Tilo                  0.259   myBishiBashi/bibashi/out1_0
                                                       myBishiBashi/bibashi/button_cond_bash/out2
    SLICE_X21Y38.B2      net (fanout=3)        0.548   myBishiBashi/bibashi/out1_0
    SLICE_X21Y38.B       Tilo                  0.259   myBishiBashi/bibashi/out1_0
                                                       myBishiBashi/bibashi/M_button_cond_bash_out_inv1
    SLICE_X20Y40.CE      net (fanout=5)        0.762   myBishiBashi/bibashi/M_button_cond_bash_out_inv
    SLICE_X20Y40.CLK     Tceck                 0.313   myBishiBashi/bibashi/button_cond_bash/M_ctr_q[19]
                                                       myBishiBashi/bibashi/button_cond_bash/M_ctr_q_16
    -------------------------------------------------  ---------------------------
    Total                                      3.889ns (1.356ns logic, 2.533ns route)
                                                       (34.9% logic, 65.1% route)

--------------------------------------------------------------------------------
Slack:                  16.080ns (requirement - (data path - clock path skew + uncertainty))
  Source:               myBishiBashi/bibashi/M_ctr_q_19 (FF)
  Destination:          myBishiBashi/bibashi/M_ctr_q_22 (FF)
  Requirement:          20.000ns
  Data Path Delay:      3.873ns (Levels of Logic = 2)
  Clock Path Skew:      -0.012ns (0.196 - 0.208)
  Source Clock:         clk_BUFGP rising at 0.000ns
  Destination Clock:    clk_BUFGP rising at 20.000ns
  Clock Uncertainty:    0.035ns

  Clock Uncertainty:          0.035ns  ((TSJ^2 + TIJ^2)^1/2 + DJ) / 2 + PE
    Total System Jitter (TSJ):  0.070ns
    Total Input Jitter (TIJ):   0.000ns
    Discrete Jitter (DJ):       0.000ns
    Phase Error (PE):           0.000ns

  Maximum Data Path at Slow Process Corner: myBishiBashi/bibashi/M_ctr_q_19 to myBishiBashi/bibashi/M_ctr_q_22
    Location             Delay type         Delay(ns)  Physical Resource
                                                       Logical Resource(s)
    -------------------------------------------------  -------------------
    SLICE_X16Y32.DQ      Tcko                  0.525   myBishiBashi/bibashi/M_ctr_q[19]
                                                       myBishiBashi/bibashi/M_ctr_q_19
    SLICE_X17Y32.D1      net (fanout=2)        1.392   myBishiBashi/bibashi/M_ctr_q[19]
    SLICE_X17Y32.D       Tilo                  0.259   myBishiBashi/bibashi/M_ctr_q[0]
                                                       myBishiBashi/bibashi/out3
    SLICE_X17Y31.A3      net (fanout=5)        0.596   myBishiBashi/bibashi/out2
    SLICE_X17Y31.A       Tilo                  0.259   myBishiBashi/bibashi/M_sync_bash_out_inv
                                                       myBishiBashi/bibashi/M_ctr_q[23]_reduce_and_1_o_inv1
    SLICE_X16Y33.CE      net (fanout=6)        0.573   myBishiBashi/bibashi/M_ctr_q[23]_reduce_and_1_o_inv
    SLICE_X16Y33.CLK     Tceck                 0.269   myBishiBashi/bibashi/M_ctr_q[23]
                                                       myBishiBashi/bibashi/M_ctr_q_22
    -------------------------------------------------  ---------------------------
    Total                                      3.873ns (1.312ns logic, 2.561ns route)
                                                       (33.9% logic, 66.1% route)

--------------------------------------------------------------------------------
Slack:                  16.082ns (requirement - (data path - clock path skew + uncertainty))
  Source:               myBishiBashi/bibashi/M_ctr_q_19 (FF)
  Destination:          myBishiBashi/bibashi/M_ctr_q_1 (FF)
  Requirement:          20.000ns
  Data Path Delay:      3.850ns (Levels of Logic = 2)
  Clock Path Skew:      -0.033ns (0.686 - 0.719)
  Source Clock:         clk_BUFGP rising at 0.000ns
  Destination Clock:    clk_BUFGP rising at 20.000ns
  Clock Uncertainty:    0.035ns

  Clock Uncertainty:          0.035ns  ((TSJ^2 + TIJ^2)^1/2 + DJ) / 2 + PE
    Total System Jitter (TSJ):  0.070ns
    Total Input Jitter (TIJ):   0.000ns
    Discrete Jitter (DJ):       0.000ns
    Phase Error (PE):           0.000ns

  Maximum Data Path at Slow Process Corner: myBishiBashi/bibashi/M_ctr_q_19 to myBishiBashi/bibashi/M_ctr_q_1
    Location             Delay type         Delay(ns)  Physical Resource
                                                       Logical Resource(s)
    -------------------------------------------------  -------------------
    SLICE_X16Y32.DQ      Tcko                  0.525   myBishiBashi/bibashi/M_ctr_q[19]
                                                       myBishiBashi/bibashi/M_ctr_q_19
    SLICE_X17Y32.D1      net (fanout=2)        1.392   myBishiBashi/bibashi/M_ctr_q[19]
    SLICE_X17Y32.D       Tilo                  0.259   myBishiBashi/bibashi/M_ctr_q[0]
                                                       myBishiBashi/bibashi/out3
    SLICE_X17Y31.A3      net (fanout=5)        0.596   myBishiBashi/bibashi/out2
    SLICE_X17Y31.A       Tilo                  0.259   myBishiBashi/bibashi/M_sync_bash_out_inv
                                                       myBishiBashi/bibashi/M_ctr_q[23]_reduce_and_1_o_inv1
    SLICE_X16Y28.CE      net (fanout=6)        0.566   myBishiBashi/bibashi/M_ctr_q[23]_reduce_and_1_o_inv
    SLICE_X16Y28.CLK     Tceck                 0.253   myBishiBashi/bibashi/M_ctr_q[3]
                                                       myBishiBashi/bibashi/M_ctr_q_1
    -------------------------------------------------  ---------------------------
    Total                                      3.850ns (1.296ns logic, 2.554ns route)
                                                       (33.7% logic, 66.3% route)

--------------------------------------------------------------------------------
Slack:                  16.083ns (requirement - (data path - clock path skew + uncertainty))
  Source:               myBishiBashi/bibashi/M_ctr_q_19 (FF)
  Destination:          myBishiBashi/bibashi/M_ctr_q_23 (FF)
  Requirement:          20.000ns
  Data Path Delay:      3.870ns (Levels of Logic = 2)
  Clock Path Skew:      -0.012ns (0.196 - 0.208)
  Source Clock:         clk_BUFGP rising at 0.000ns
  Destination Clock:    clk_BUFGP rising at 20.000ns
  Clock Uncertainty:    0.035ns

  Clock Uncertainty:          0.035ns  ((TSJ^2 + TIJ^2)^1/2 + DJ) / 2 + PE
    Total System Jitter (TSJ):  0.070ns
    Total Input Jitter (TIJ):   0.000ns
    Discrete Jitter (DJ):       0.000ns
    Phase Error (PE):           0.000ns

  Maximum Data Path at Slow Process Corner: myBishiBashi/bibashi/M_ctr_q_19 to myBishiBashi/bibashi/M_ctr_q_23
    Location             Delay type         Delay(ns)  Physical Resource
                                                       Logical Resource(s)
    -------------------------------------------------  -------------------
    SLICE_X16Y32.DQ      Tcko                  0.525   myBishiBashi/bibashi/M_ctr_q[19]
                                                       myBishiBashi/bibashi/M_ctr_q_19
    SLICE_X17Y32.D1      net (fanout=2)        1.392   myBishiBashi/bibashi/M_ctr_q[19]
    SLICE_X17Y32.D       Tilo                  0.259   myBishiBashi/bibashi/M_ctr_q[0]
                                                       myBishiBashi/bibashi/out3
    SLICE_X17Y31.A3      net (fanout=5)        0.596   myBishiBashi/bibashi/out2
    SLICE_X17Y31.A       Tilo                  0.259   myBishiBashi/bibashi/M_sync_bash_out_inv
                                                       myBishiBashi/bibashi/M_ctr_q[23]_reduce_and_1_o_inv1
    SLICE_X16Y33.CE      net (fanout=6)        0.573   myBishiBashi/bibashi/M_ctr_q[23]_reduce_and_1_o_inv
    SLICE_X16Y33.CLK     Tceck                 0.266   myBishiBashi/bibashi/M_ctr_q[23]
                                                       myBishiBashi/bibashi/M_ctr_q_23
    -------------------------------------------------  ---------------------------
    Total                                      3.870ns (1.309ns logic, 2.561ns route)
                                                       (33.8% logic, 66.2% route)

--------------------------------------------------------------------------------
Slack:                  16.086ns (requirement - (data path - clock path skew + uncertainty))
  Source:               myBishiBashi/bibashi/M_ctr_q_19 (FF)
  Destination:          myBishiBashi/bibashi/M_ctr_q_17 (FF)
  Requirement:          20.000ns
  Data Path Delay:      3.879ns (Levels of Logic = 2)
  Clock Path Skew:      0.000ns
  Source Clock:         clk_BUFGP rising at 0.000ns
  Destination Clock:    clk_BUFGP rising at 20.000ns
  Clock Uncertainty:    0.035ns

  Clock Uncertainty:          0.035ns  ((TSJ^2 + TIJ^2)^1/2 + DJ) / 2 + PE
    Total System Jitter (TSJ):  0.070ns
    Total Input Jitter (TIJ):   0.000ns
    Discrete Jitter (DJ):       0.000ns
    Phase Error (PE):           0.000ns

  Maximum Data Path at Slow Process Corner: myBishiBashi/bibashi/M_ctr_q_19 to myBishiBashi/bibashi/M_ctr_q_17
    Location             Delay type         Delay(ns)  Physical Resource
                                                       Logical Resource(s)
    -------------------------------------------------  -------------------
    SLICE_X16Y32.DQ      Tcko                  0.525   myBishiBashi/bibashi/M_ctr_q[19]
                                                       myBishiBashi/bibashi/M_ctr_q_19
    SLICE_X17Y32.D1      net (fanout=2)        1.392   myBishiBashi/bibashi/M_ctr_q[19]
    SLICE_X17Y32.D       Tilo                  0.259   myBishiBashi/bibashi/M_ctr_q[0]
                                                       myBishiBashi/bibashi/out3
    SLICE_X17Y31.A3      net (fanout=5)        0.596   myBishiBashi/bibashi/out2
    SLICE_X17Y31.A       Tilo                  0.259   myBishiBashi/bibashi/M_sync_bash_out_inv
                                                       myBishiBashi/bibashi/M_ctr_q[23]_reduce_and_1_o_inv1
    SLICE_X16Y32.CE      net (fanout=6)        0.595   myBishiBashi/bibashi/M_ctr_q[23]_reduce_and_1_o_inv
    SLICE_X16Y32.CLK     Tceck                 0.253   myBishiBashi/bibashi/M_ctr_q[19]
                                                       myBishiBashi/bibashi/M_ctr_q_17
    -------------------------------------------------  ---------------------------
    Total                                      3.879ns (1.296ns logic, 2.583ns route)
                                                       (33.4% logic, 66.6% route)

--------------------------------------------------------------------------------
Slack:                  16.087ns (requirement - (data path - clock path skew + uncertainty))
  Source:               myBishiBashi/bibashi/button_cond_bish/M_ctr_q_15 (FF)
  Destination:          myBishiBashi/bibashi/button_cond_bish/M_ctr_q_16 (FF)
  Requirement:          20.000ns
  Data Path Delay:      3.870ns (Levels of Logic = 2)
  Clock Path Skew:      -0.008ns (0.188 - 0.196)
  Source Clock:         clk_BUFGP rising at 0.000ns
  Destination Clock:    clk_BUFGP rising at 20.000ns
  Clock Uncertainty:    0.035ns

  Clock Uncertainty:          0.035ns  ((TSJ^2 + TIJ^2)^1/2 + DJ) / 2 + PE
    Total System Jitter (TSJ):  0.070ns
    Total Input Jitter (TIJ):   0.000ns
    Discrete Jitter (DJ):       0.000ns
    Phase Error (PE):           0.000ns

  Maximum Data Path at Slow Process Corner: myBishiBashi/bibashi/button_cond_bish/M_ctr_q_15 to myBishiBashi/bibashi/button_cond_bish/M_ctr_q_16
    Location             Delay type         Delay(ns)  Physical Resource
                                                       Logical Resource(s)
    -------------------------------------------------  -------------------
    SLICE_X16Y41.DQ      Tcko                  0.525   myBishiBashi/bibashi/button_cond_bish/M_ctr_q[15]
                                                       myBishiBashi/bibashi/button_cond_bish/M_ctr_q_15
    SLICE_X17Y39.D2      net (fanout=2)        1.186   myBishiBashi/bibashi/button_cond_bish/M_ctr_q[15]
    SLICE_X17Y39.D       Tilo                  0.259   myBishiBashi/bibashi/M_ctr_q_0_2
                                                       myBishiBashi/bibashi/button_cond_bish/out2
    SLICE_X17Y40.B3      net (fanout=3)        0.600   myBishiBashi/bibashi/out1_2
    SLICE_X17Y40.B       Tilo                  0.259   myBishiBashi/bibashi/M_button_cond_bish_out_inv
                                                       myBishiBashi/bibashi/M_button_cond_bish_out_inv1
    SLICE_X16Y42.CE      net (fanout=5)        0.728   myBishiBashi/bibashi/M_button_cond_bish_out_inv
    SLICE_X16Y42.CLK     Tceck                 0.313   myBishiBashi/bibashi/button_cond_bish/M_ctr_q[19]
                                                       myBishiBashi/bibashi/button_cond_bish/M_ctr_q_16
    -------------------------------------------------  ---------------------------
    Total                                      3.870ns (1.356ns logic, 2.514ns route)
                                                       (35.0% logic, 65.0% route)

--------------------------------------------------------------------------------
Slack:                  16.096ns (requirement - (data path - clock path skew + uncertainty))
  Source:               myBishiBashi/bibashi/M_ctr_q_19 (FF)
  Destination:          myBishiBashi/bibashi/M_ctr_q_21 (FF)
  Requirement:          20.000ns
  Data Path Delay:      3.857ns (Levels of Logic = 2)
  Clock Path Skew:      -0.012ns (0.196 - 0.208)
  Source Clock:         clk_BUFGP rising at 0.000ns
  Destination Clock:    clk_BUFGP rising at 20.000ns
  Clock Uncertainty:    0.035ns

  Clock Uncertainty:          0.035ns  ((TSJ^2 + TIJ^2)^1/2 + DJ) / 2 + PE
    Total System Jitter (TSJ):  0.070ns
    Total Input Jitter (TIJ):   0.000ns
    Discrete Jitter (DJ):       0.000ns
    Phase Error (PE):           0.000ns

  Maximum Data Path at Slow Process Corner: myBishiBashi/bibashi/M_ctr_q_19 to myBishiBashi/bibashi/M_ctr_q_21
    Location             Delay type         Delay(ns)  Physical Resource
                                                       Logical Resource(s)
    -------------------------------------------------  -------------------
    SLICE_X16Y32.DQ      Tcko                  0.525   myBishiBashi/bibashi/M_ctr_q[19]
                                                       myBishiBashi/bibashi/M_ctr_q_19
    SLICE_X17Y32.D1      net (fanout=2)        1.392   myBishiBashi/bibashi/M_ctr_q[19]
    SLICE_X17Y32.D       Tilo                  0.259   myBishiBashi/bibashi/M_ctr_q[0]
                                                       myBishiBashi/bibashi/out3
    SLICE_X17Y31.A3      net (fanout=5)        0.596   myBishiBashi/bibashi/out2
    SLICE_X17Y31.A       Tilo                  0.259   myBishiBashi/bibashi/M_sync_bash_out_inv
                                                       myBishiBashi/bibashi/M_ctr_q[23]_reduce_and_1_o_inv1
    SLICE_X16Y33.CE      net (fanout=6)        0.573   myBishiBashi/bibashi/M_ctr_q[23]_reduce_and_1_o_inv
    SLICE_X16Y33.CLK     Tceck                 0.253   myBishiBashi/bibashi/M_ctr_q[23]
                                                       myBishiBashi/bibashi/M_ctr_q_21
    -------------------------------------------------  ---------------------------
    Total                                      3.857ns (1.296ns logic, 2.561ns route)
                                                       (33.6% logic, 66.4% route)

--------------------------------------------------------------------------------
Slack:                  16.096ns (requirement - (data path - clock path skew + uncertainty))
  Source:               myBishiBashi/bibashi/M_ctr_q_19 (FF)
  Destination:          myBishiBashi/bibashi/M_ctr_q_14 (FF)
  Requirement:          20.000ns
  Data Path Delay:      3.840ns (Levels of Logic = 2)
  Clock Path Skew:      -0.029ns (0.690 - 0.719)
  Source Clock:         clk_BUFGP rising at 0.000ns
  Destination Clock:    clk_BUFGP rising at 20.000ns
  Clock Uncertainty:    0.035ns

  Clock Uncertainty:          0.035ns  ((TSJ^2 + TIJ^2)^1/2 + DJ) / 2 + PE
    Total System Jitter (TSJ):  0.070ns
    Total Input Jitter (TIJ):   0.000ns
    Discrete Jitter (DJ):       0.000ns
    Phase Error (PE):           0.000ns

  Maximum Data Path at Slow Process Corner: myBishiBashi/bibashi/M_ctr_q_19 to myBishiBashi/bibashi/M_ctr_q_14
    Location             Delay type         Delay(ns)  Physical Resource
                                                       Logical Resource(s)
    -------------------------------------------------  -------------------
    SLICE_X16Y32.DQ      Tcko                  0.525   myBishiBashi/bibashi/M_ctr_q[19]
                                                       myBishiBashi/bibashi/M_ctr_q_19
    SLICE_X17Y32.D1      net (fanout=2)        1.392   myBishiBashi/bibashi/M_ctr_q[19]
    SLICE_X17Y32.D       Tilo                  0.259   myBishiBashi/bibashi/M_ctr_q[0]
                                                       myBishiBashi/bibashi/out3
    SLICE_X17Y31.A3      net (fanout=5)        0.596   myBishiBashi/bibashi/out2
    SLICE_X17Y31.A       Tilo                  0.259   myBishiBashi/bibashi/M_sync_bash_out_inv
                                                       myBishiBashi/bibashi/M_ctr_q[23]_reduce_and_1_o_inv1
    SLICE_X16Y31.CE      net (fanout=6)        0.540   myBishiBashi/bibashi/M_ctr_q[23]_reduce_and_1_o_inv
    SLICE_X16Y31.CLK     Tceck                 0.269   myBishiBashi/bibashi/M_ctr_q[15]
                                                       myBishiBashi/bibashi/M_ctr_q_14
    -------------------------------------------------  ---------------------------
    Total                                      3.840ns (1.312ns logic, 2.528ns route)
                                                       (34.2% logic, 65.8% route)

--------------------------------------------------------------------------------
Slack:                  16.099ns (requirement - (data path - clock path skew + uncertainty))
  Source:               myBishiBashi/bibashi/M_ctr_q_19 (FF)
  Destination:          myBishiBashi/bibashi/M_ctr_q_15 (FF)
  Requirement:          20.000ns
  Data Path Delay:      3.837ns (Levels of Logic = 2)
  Clock Path Skew:      -0.029ns (0.690 - 0.719)
  Source Clock:         clk_BUFGP rising at 0.000ns
  Destination Clock:    clk_BUFGP rising at 20.000ns
  Clock Uncertainty:    0.035ns

  Clock Uncertainty:          0.035ns  ((TSJ^2 + TIJ^2)^1/2 + DJ) / 2 + PE
    Total System Jitter (TSJ):  0.070ns
    Total Input Jitter (TIJ):   0.000ns
    Discrete Jitter (DJ):       0.000ns
    Phase Error (PE):           0.000ns

  Maximum Data Path at Slow Process Corner: myBishiBashi/bibashi/M_ctr_q_19 to myBishiBashi/bibashi/M_ctr_q_15
    Location             Delay type         Delay(ns)  Physical Resource
                                                       Logical Resource(s)
    -------------------------------------------------  -------------------
    SLICE_X16Y32.DQ      Tcko                  0.525   myBishiBashi/bibashi/M_ctr_q[19]
                                                       myBishiBashi/bibashi/M_ctr_q_19
    SLICE_X17Y32.D1      net (fanout=2)        1.392   myBishiBashi/bibashi/M_ctr_q[19]
    SLICE_X17Y32.D       Tilo                  0.259   myBishiBashi/bibashi/M_ctr_q[0]
                                                       myBishiBashi/bibashi/out3
    SLICE_X17Y31.A3      net (fanout=5)        0.596   myBishiBashi/bibashi/out2
    SLICE_X17Y31.A       Tilo                  0.259   myBishiBashi/bibashi/M_sync_bash_out_inv
                                                       myBishiBashi/bibashi/M_ctr_q[23]_reduce_and_1_o_inv1
    SLICE_X16Y31.CE      net (fanout=6)        0.540   myBishiBashi/bibashi/M_ctr_q[23]_reduce_and_1_o_inv
    SLICE_X16Y31.CLK     Tceck                 0.266   myBishiBashi/bibashi/M_ctr_q[15]
                                                       myBishiBashi/bibashi/M_ctr_q_15
    -------------------------------------------------  ---------------------------
    Total                                      3.837ns (1.309ns logic, 2.528ns route)
                                                       (34.1% logic, 65.9% route)

--------------------------------------------------------------------------------

Component Switching Limit Checks: TS_clk = PERIOD TIMEGRP "clk" 50 MHz HIGH 50%;
--------------------------------------------------------------------------------
Slack: 17.334ns (period - min period limit)
  Period: 20.000ns
  Min period limit: 2.666ns (375.094MHz) (Tbcper_I)
  Physical resource: clk_BUFGP/BUFG/I0
  Logical resource: clk_BUFGP/BUFG/I0
  Location pin: BUFGMUX_X2Y11.I0
  Clock network: clk_BUFGP/IBUFG
--------------------------------------------------------------------------------
Slack: 18.601ns (period - min period limit)
  Period: 20.000ns
  Min period limit: 1.399ns (714.796MHz) (Tcp)
  Physical resource: myBishiBashi/bibashi/M_pipe_q_1_0/CLK
  Logical resource: myBishiBashi/bibashi/button_cond_shi/sync/Mshreg_M_pipe_q_1/CLK
  Location pin: SLICE_X16Y27.CLK
  Clock network: clk_BUFGP
--------------------------------------------------------------------------------
Slack: 18.601ns (period - min period limit)
  Period: 20.000ns
  Min period limit: 1.399ns (714.796MHz) (Tcp)
  Physical resource: myBishiBashi/bibashi/M_pipe_q_1_0/CLK
  Logical resource: myBishiBashi/bibashi/button_cond_bash/sync/Mshreg_M_pipe_q_1/CLK
  Location pin: SLICE_X16Y27.CLK
  Clock network: clk_BUFGP
--------------------------------------------------------------------------------
Slack: 18.601ns (period - min period limit)
  Period: 20.000ns
  Min period limit: 1.399ns (714.796MHz) (Tcp)
  Physical resource: myBishiBashi/bibashi/M_pipe_q_1_0/CLK
  Logical resource: myBishiBashi/bibashi/button_cond_bish/sync/Mshreg_M_pipe_q_1/CLK
  Location pin: SLICE_X16Y27.CLK
  Clock network: clk_BUFGP
--------------------------------------------------------------------------------
Slack: 19.520ns (period - min period limit)
  Period: 20.000ns
  Min period limit: 0.480ns (2083.333MHz) (Tcp)
  Physical resource: myBishiBashi/bibashi/button_cond_bish/M_ctr_q[3]/CLK
  Logical resource: myBishiBashi/bibashi/button_cond_bish/M_ctr_q_1/CK
  Location pin: SLICE_X16Y38.CLK
  Clock network: clk_BUFGP
--------------------------------------------------------------------------------
Slack: 19.520ns (period - min period limit)
  Period: 20.000ns
  Min period limit: 0.480ns (2083.333MHz) (Tcp)
  Physical resource: myBishiBashi/bibashi/button_cond_bish/M_ctr_q[3]/CLK
  Logical resource: myBishiBashi/bibashi/button_cond_bish/M_ctr_q_2/CK
  Location pin: SLICE_X16Y38.CLK
  Clock network: clk_BUFGP
--------------------------------------------------------------------------------
Slack: 19.520ns (period - min period limit)
  Period: 20.000ns
  Min period limit: 0.480ns (2083.333MHz) (Tcp)
  Physical resource: myBishiBashi/bibashi/button_cond_bish/M_ctr_q[3]/CLK
  Logical resource: myBishiBashi/bibashi/button_cond_bish/M_ctr_q_3/CK
  Location pin: SLICE_X16Y38.CLK
  Clock network: clk_BUFGP
--------------------------------------------------------------------------------
Slack: 19.520ns (period - min period limit)
  Period: 20.000ns
  Min period limit: 0.480ns (2083.333MHz) (Tcp)
  Physical resource: myBishiBashi/bibashi/button_cond_bish/M_ctr_q[7]/CLK
  Logical resource: myBishiBashi/bibashi/button_cond_bish/M_ctr_q_4/CK
  Location pin: SLICE_X16Y39.CLK
  Clock network: clk_BUFGP
--------------------------------------------------------------------------------
Slack: 19.520ns (period - min period limit)
  Period: 20.000ns
  Min period limit: 0.480ns (2083.333MHz) (Tcp)
  Physical resource: myBishiBashi/bibashi/button_cond_bish/M_ctr_q[7]/CLK
  Logical resource: myBishiBashi/bibashi/button_cond_bish/M_ctr_q_5/CK
  Location pin: SLICE_X16Y39.CLK
  Clock network: clk_BUFGP
--------------------------------------------------------------------------------
Slack: 19.520ns (period - min period limit)
  Period: 20.000ns
  Min period limit: 0.480ns (2083.333MHz) (Tcp)
  Physical resource: myBishiBashi/bibashi/button_cond_bish/M_ctr_q[7]/CLK
  Logical resource: myBishiBashi/bibashi/button_cond_bish/M_ctr_q_6/CK
  Location pin: SLICE_X16Y39.CLK
  Clock network: clk_BUFGP
--------------------------------------------------------------------------------
Slack: 19.520ns (period - min period limit)
  Period: 20.000ns
  Min period limit: 0.480ns (2083.333MHz) (Tcp)
  Physical resource: myBishiBashi/bibashi/button_cond_bish/M_ctr_q[7]/CLK
  Logical resource: myBishiBashi/bibashi/button_cond_bish/M_ctr_q_7/CK
  Location pin: SLICE_X16Y39.CLK
  Clock network: clk_BUFGP
--------------------------------------------------------------------------------
Slack: 19.520ns (period - min period limit)
  Period: 20.000ns
  Min period limit: 0.480ns (2083.333MHz) (Tcp)
  Physical resource: myBishiBashi/bibashi/button_cond_bish/M_ctr_q[11]/CLK
  Logical resource: myBishiBashi/bibashi/button_cond_bish/M_ctr_q_8/CK
  Location pin: SLICE_X16Y40.CLK
  Clock network: clk_BUFGP
--------------------------------------------------------------------------------
Slack: 19.520ns (period - min period limit)
  Period: 20.000ns
  Min period limit: 0.480ns (2083.333MHz) (Tcp)
  Physical resource: myBishiBashi/bibashi/button_cond_bish/M_ctr_q[11]/CLK
  Logical resource: myBishiBashi/bibashi/button_cond_bish/M_ctr_q_9/CK
  Location pin: SLICE_X16Y40.CLK
  Clock network: clk_BUFGP
--------------------------------------------------------------------------------
Slack: 19.520ns (period - min period limit)
  Period: 20.000ns
  Min period limit: 0.480ns (2083.333MHz) (Tcp)
  Physical resource: myBishiBashi/bibashi/button_cond_bish/M_ctr_q[11]/CLK
  Logical resource: myBishiBashi/bibashi/button_cond_bish/M_ctr_q_10/CK
  Location pin: SLICE_X16Y40.CLK
  Clock network: clk_BUFGP
--------------------------------------------------------------------------------
Slack: 19.520ns (period - min period limit)
  Period: 20.000ns
  Min period limit: 0.480ns (2083.333MHz) (Tcp)
  Physical resource: myBishiBashi/bibashi/button_cond_bish/M_ctr_q[11]/CLK
  Logical resource: myBishiBashi/bibashi/button_cond_bish/M_ctr_q_11/CK
  Location pin: SLICE_X16Y40.CLK
  Clock network: clk_BUFGP
--------------------------------------------------------------------------------
Slack: 19.520ns (period - min period limit)
  Period: 20.000ns
  Min period limit: 0.480ns (2083.333MHz) (Tcp)
  Physical resource: myBishiBashi/bibashi/button_cond_bish/M_ctr_q[15]/CLK
  Logical resource: myBishiBashi/bibashi/button_cond_bish/M_ctr_q_12/CK
  Location pin: SLICE_X16Y41.CLK
  Clock network: clk_BUFGP
--------------------------------------------------------------------------------
Slack: 19.520ns (period - min period limit)
  Period: 20.000ns
  Min period limit: 0.480ns (2083.333MHz) (Tcp)
  Physical resource: myBishiBashi/bibashi/button_cond_bish/M_ctr_q[15]/CLK
  Logical resource: myBishiBashi/bibashi/button_cond_bish/M_ctr_q_13/CK
  Location pin: SLICE_X16Y41.CLK
  Clock network: clk_BUFGP
--------------------------------------------------------------------------------
Slack: 19.520ns (period - min period limit)
  Period: 20.000ns
  Min period limit: 0.480ns (2083.333MHz) (Tcp)
  Physical resource: myBishiBashi/bibashi/button_cond_bish/M_ctr_q[15]/CLK
  Logical resource: myBishiBashi/bibashi/button_cond_bish/M_ctr_q_14/CK
  Location pin: SLICE_X16Y41.CLK
  Clock network: clk_BUFGP
--------------------------------------------------------------------------------
Slack: 19.520ns (period - min period limit)
  Period: 20.000ns
  Min period limit: 0.480ns (2083.333MHz) (Tcp)
  Physical resource: myBishiBashi/bibashi/button_cond_bish/M_ctr_q[15]/CLK
  Logical resource: myBishiBashi/bibashi/button_cond_bish/M_ctr_q_15/CK
  Location pin: SLICE_X16Y41.CLK
  Clock network: clk_BUFGP
--------------------------------------------------------------------------------
Slack: 19.520ns (period - min period limit)
  Period: 20.000ns
  Min period limit: 0.480ns (2083.333MHz) (Tcp)
  Physical resource: myBishiBashi/bibashi/button_cond_bish/M_ctr_q[19]/CLK
  Logical resource: myBishiBashi/bibashi/button_cond_bish/M_ctr_q_16/CK
  Location pin: SLICE_X16Y42.CLK
  Clock network: clk_BUFGP
--------------------------------------------------------------------------------
Slack: 19.520ns (period - min period limit)
  Period: 20.000ns
  Min period limit: 0.480ns (2083.333MHz) (Tcp)
  Physical resource: myBishiBashi/bibashi/button_cond_bish/M_ctr_q[19]/CLK
  Logical resource: myBishiBashi/bibashi/button_cond_bish/M_ctr_q_17/CK
  Location pin: SLICE_X16Y42.CLK
  Clock network: clk_BUFGP
--------------------------------------------------------------------------------
Slack: 19.520ns (period - min period limit)
  Period: 20.000ns
  Min period limit: 0.480ns (2083.333MHz) (Tcp)
  Physical resource: myBishiBashi/bibashi/button_cond_bish/M_ctr_q[19]/CLK
  Logical resource: myBishiBashi/bibashi/button_cond_bish/M_ctr_q_18/CK
  Location pin: SLICE_X16Y42.CLK
  Clock network: clk_BUFGP
--------------------------------------------------------------------------------
Slack: 19.520ns (period - min period limit)
  Period: 20.000ns
  Min period limit: 0.480ns (2083.333MHz) (Tcp)
  Physical resource: myBishiBashi/bibashi/button_cond_bish/M_ctr_q[19]/CLK
  Logical resource: myBishiBashi/bibashi/button_cond_bish/M_ctr_q_19/CK
  Location pin: SLICE_X16Y42.CLK
  Clock network: clk_BUFGP
--------------------------------------------------------------------------------
Slack: 19.520ns (period - min period limit)
  Period: 20.000ns
  Min period limit: 0.480ns (2083.333MHz) (Tcp)
  Physical resource: myBishiBashi/bibashi/M_ctr_q[3]/CLK
  Logical resource: myBishiBashi/bibashi/M_ctr_q_1/CK
  Location pin: SLICE_X16Y28.CLK
  Clock network: clk_BUFGP
--------------------------------------------------------------------------------
Slack: 19.520ns (period - min period limit)
  Period: 20.000ns
  Min period limit: 0.480ns (2083.333MHz) (Tcp)
  Physical resource: myBishiBashi/bibashi/M_ctr_q[3]/CLK
  Logical resource: myBishiBashi/bibashi/M_ctr_q_2/CK
  Location pin: SLICE_X16Y28.CLK
  Clock network: clk_BUFGP
--------------------------------------------------------------------------------
Slack: 19.520ns (period - min period limit)
  Period: 20.000ns
  Min period limit: 0.480ns (2083.333MHz) (Tcp)
  Physical resource: myBishiBashi/bibashi/M_ctr_q[3]/CLK
  Logical resource: myBishiBashi/bibashi/M_ctr_q_3/CK
  Location pin: SLICE_X16Y28.CLK
  Clock network: clk_BUFGP
--------------------------------------------------------------------------------
Slack: 19.520ns (period - min period limit)
  Period: 20.000ns
  Min period limit: 0.480ns (2083.333MHz) (Tcp)
  Physical resource: myBishiBashi/bibashi/M_ctr_q[7]/CLK
  Logical resource: myBishiBashi/bibashi/M_ctr_q_4/CK
  Location pin: SLICE_X16Y29.CLK
  Clock network: clk_BUFGP
--------------------------------------------------------------------------------
Slack: 19.520ns (period - min period limit)
  Period: 20.000ns
  Min period limit: 0.480ns (2083.333MHz) (Tcp)
  Physical resource: myBishiBashi/bibashi/M_ctr_q[7]/CLK
  Logical resource: myBishiBashi/bibashi/M_ctr_q_5/CK
  Location pin: SLICE_X16Y29.CLK
  Clock network: clk_BUFGP
--------------------------------------------------------------------------------
Slack: 19.520ns (period - min period limit)
  Period: 20.000ns
  Min period limit: 0.480ns (2083.333MHz) (Tcp)
  Physical resource: myBishiBashi/bibashi/M_ctr_q[7]/CLK
  Logical resource: myBishiBashi/bibashi/M_ctr_q_6/CK
  Location pin: SLICE_X16Y29.CLK
  Clock network: clk_BUFGP
--------------------------------------------------------------------------------
Slack: 19.520ns (period - min period limit)
  Period: 20.000ns
  Min period limit: 0.480ns (2083.333MHz) (Tcp)
  Physical resource: myBishiBashi/bibashi/M_ctr_q[7]/CLK
  Logical resource: myBishiBashi/bibashi/M_ctr_q_7/CK
  Location pin: SLICE_X16Y29.CLK
  Clock network: clk_BUFGP
--------------------------------------------------------------------------------


All constraints were met.


Data Sheet report:
-----------------
All values displayed in nanoseconds (ns)

Clock to Setup on destination clock clk
---------------+---------+---------+---------+---------+
               | Src:Rise| Src:Fall| Src:Rise| Src:Fall|
Source Clock   |Dest:Rise|Dest:Rise|Dest:Fall|Dest:Fall|
---------------+---------+---------+---------+---------+
clk            |    4.496|         |         |         |
---------------+---------+---------+---------+---------+


Timing summary:
---------------

Timing errors: 0  Score: 0  (Setup/Max: 0, Hold: 0)

Constraints cover 2899 paths, 0 nets, and 321 connections

Design statistics:
   Minimum period:   4.496ns{1}   (Maximum frequency: 222.420MHz)


------------------------------------Footnotes-----------------------------------
1)  The minimum period statistic assumes all single cycle delays.

Analysis completed Sun Dec 03 19:12:57 2017 
--------------------------------------------------------------------------------

Trace Settings:
-------------------------
Trace Settings 

Peak Memory Usage: 278 MB



